-------------------------------------------------------------------------------
Test set: guo.ping.e3mall.manager.mapper.DaoTest
-------------------------------------------------------------------------------
Tests run: 1, Failures: 0, Errors: 1, Skipped: 0, Time elapsed: 7.959 s <<< FAILURE! - in guo.ping.e3mall.manager.mapper.DaoTest
selectTbItemByIDTest(guo.ping.e3mall.manager.mapper.DaoTest)  Time elapsed: 0.099 s  <<< ERROR!
java.lang.NullPointerException
	at guo.ping.e3mall.manager.mapper.DaoTest.selectTbItemByIDTest(DaoTest.java:21)

