<?xml version="1.0" encoding="UTF-8"?>
<testsuite xmlns:xsi="http://www.w3.org/2001/XMLSchema-instance" xsi:noNamespaceSchemaLocation="https://maven.apache.org/surefire/maven-surefire-plugin/xsd/surefire-test-report.xsd" name="guo.ping.e3mall.manager.mapper.DaoTest" time="7.959" tests="1" errors="1" skipped="0" failures="0">
  <properties>
[...]
</properties>
  <testcase name="selectTbItemByIDTest" classname="guo.ping.e3mall.manager.mapper.DaoTest" time="0.099">
    <error type="java.lang.NullPointerException">java.lang.NullPointerException
	at guo.ping.e3mall.manager.mapper.DaoTest.selectTbItemByIDTest(DaoTest.java:21)
</error>
    <system-out><![CDATA[2018-08-06 08:07:48.134  INFO 6528 --- [           main] c.a.dubbo.common.logger.LoggerFactory    : using logger: com.alibaba.dubbo.common.logger.slf4j.Slf4jLoggerAdapter
2018-08-06 08:07:48.138  INFO 6528 --- [           main] a.b.d.c.e.WelcomeLogoApplicationListener : 

 :: Dubbo Spring Boot (v0.2.0) : https://github.com/apache/incubator-dubbo-spring-boot-project
 :: Dubbo (v2.6.2) : https://github.com/apache/incubator-dubbo
 :: Google group : dev@dubbo.incubator.apache.org

2018-08-06 08:07:48.140  INFO 6528 --- [           main] e.OverrideDubboConfigApplicationListener : Dubbo Config was overridden by externalized configuration {dubbo.application.name=e3-manager-web, dubbo.registry.address=zookeeper://192.168.2.107:2181}

  .   ____          _            __ _ _
 /\\ / ___'_ __ _ _(_)_ __  __ _ \ \ \ \
( ( )\___ | '_ | '_| | '_ \/ _` | \ \ \ \
 \\/  ___)| |_)| | | | | || (_| |  ) ) ) )
  '  |____| .__|_| |_|_| |_\__, | / / / /
 =========|_|==============|___/=/_/_/_/
 :: Spring Boot ::        (v2.0.4.RELEASE)

2018-08-06 08:07:48.202  INFO 6528 --- [           main] guo.ping.e3mall.manager.mapper.DaoTest   : Starting DaoTest on DESKTOP-G1DGSJ4 with PID 6528 (started by Guopin in F:\java\e3-springboot\e3-manager\e3-manager-web)
2018-08-06 08:07:48.203  INFO 6528 --- [           main] guo.ping.e3mall.manager.mapper.DaoTest   : No active profile set, falling back to default profiles: default
2018-08-06 08:07:48.236  INFO 6528 --- [           main] o.s.w.c.s.GenericWebApplicationContext   : Refreshing org.springframework.web.context.support.GenericWebApplicationContext@1f760b47: startup date [Mon Aug 06 08:07:48 CST 2018]; root of context hierarchy
2018-08-06 08:07:48.757  INFO 6528 --- [           main] .a.d.c.s.c.a.DubboConfigBindingRegistrar : The dubbo config bean definition [name : com.alibaba.dubbo.config.ApplicationConfig#0, class : com.alibaba.dubbo.config.ApplicationConfig] has been registered.
2018-08-06 08:07:48.758  INFO 6528 --- [           main] .a.d.c.s.c.a.DubboConfigBindingRegistrar : The BeanPostProcessor bean definition [com.alibaba.dubbo.config.spring.beans.factory.annotation.DubboConfigBindingBeanPostProcessor] for dubbo config bean [name : com.alibaba.dubbo.config.ApplicationConfig#0] has been registered.
2018-08-06 08:07:48.759  INFO 6528 --- [           main] .a.d.c.s.c.a.DubboConfigBindingRegistrar : The dubbo config bean definition [name : com.alibaba.dubbo.config.RegistryConfig#0, class : com.alibaba.dubbo.config.RegistryConfig] has been registered.
2018-08-06 08:07:48.759  INFO 6528 --- [           main] .a.d.c.s.c.a.DubboConfigBindingRegistrar : The BeanPostProcessor bean definition [com.alibaba.dubbo.config.spring.beans.factory.annotation.DubboConfigBindingBeanPostProcessor] for dubbo config bean [name : com.alibaba.dubbo.config.RegistryConfig#0] has been registered.
2018-08-06 08:07:49.030  INFO 6528 --- [           main] trationDelegate$BeanPostProcessorChecker : Bean 'com.alibaba.boot.dubbo.autoconfigure.DubboAutoConfiguration' of type [com.alibaba.boot.dubbo.autoconfigure.DubboAutoConfiguration$$EnhancerBySpringCGLIB$$64c1bcac] is not eligible for getting processed by all BeanPostProcessors (for example: not eligible for auto-proxying)
2018-08-06 08:07:49.087  INFO 6528 --- [           main] trationDelegate$BeanPostProcessorChecker : Bean 'relaxedDubboConfigBinder' of type [com.alibaba.boot.dubbo.autoconfigure.RelaxedDubboConfigBinder] is not eligible for getting processed by all BeanPostProcessors (for example: not eligible for auto-proxying)
2018-08-06 08:07:49.089  INFO 6528 --- [           main] trationDelegate$BeanPostProcessorChecker : Bean 'relaxedDubboConfigBinder' of type [com.alibaba.boot.dubbo.autoconfigure.RelaxedDubboConfigBinder] is not eligible for getting processed by all BeanPostProcessors (for example: not eligible for auto-proxying)
2018-08-06 08:07:49.292  INFO 6528 --- [           main] .f.a.DubboConfigBindingBeanPostProcessor : The properties of bean [name : com.alibaba.dubbo.config.ApplicationConfig#0] have been binding by prefix of configuration properties : dubbo.application
2018-08-06 08:07:49.312  INFO 6528 --- [           main] .f.a.DubboConfigBindingBeanPostProcessor : The properties of bean [name : com.alibaba.dubbo.config.RegistryConfig#0] have been binding by prefix of configuration properties : dubbo.registry
2018-08-06 08:07:49.387  INFO 6528 --- [           main] c.a.d.r.zookeeper.ZookeeperRegistry      :  [DUBBO] Load registry store file C:\Users\Guopin\.dubbo\dubbo-registry-e3-manager-web-192.168.2.107:2181.cache, data: {guo.ping.e3mall.manager.service.TbItemService=empty://10.0.75.1/guo.ping.e3mall.manager.service.TbItemService?application=e3-manager-web&category=configurators&dubbo=2.6.2&interface=guo.ping.e3mall.manager.service.TbItemService&methods=getItemById&pid=3352&side=consumer&timestamp=1533513574441 empty://10.0.75.1/guo.ping.e3mall.manager.service.TbItemService?application=e3-manager-web&category=routers&dubbo=2.6.2&interface=guo.ping.e3mall.manager.service.TbItemService&methods=getItemById&pid=3352&side=consumer&timestamp=1533513574441 empty://10.0.75.1/guo.ping.e3mall.manager.service.TbItemService?application=e3-manager-web&category=providers&dubbo=2.6.2&interface=guo.ping.e3mall.manager.service.TbItemService&methods=getItemById&pid=3352&side=consumer&timestamp=1533513574441}, dubbo version: 2.6.2, current host: 10.0.75.1
2018-08-06 08:07:49.479  INFO 6528 --- [           main] o.a.c.f.imps.CuratorFrameworkImpl        : Starting
2018-08-06 08:07:53.991  INFO 6528 --- [           main] org.apache.zookeeper.ZooKeeper           : Client environment:zookeeper.version=3.4.7-1713338, built on 11/09/2015 04:32 GMT
2018-08-06 08:07:53.992  INFO 6528 --- [           main] org.apache.zookeeper.ZooKeeper           : Client environment:host.name=DESKTOP-G1DGSJ4
2018-08-06 08:07:53.992  INFO 6528 --- [           main] org.apache.zookeeper.ZooKeeper           : Client environment:java.version=1.8.0_111
2018-08-06 08:07:53.992  INFO 6528 --- [           main] org.apache.zookeeper.ZooKeeper           : Client environment:java.vendor=Oracle Corporation
2018-08-06 08:07:53.992  INFO 6528 --- [           main] org.apache.zookeeper.ZooKeeper           : Client environment:java.home=E:\Java\jdk1.8.0_111\jre
2018-08-06 08:07:53.992  INFO 6528 --- [           main] org.apache.zookeeper.ZooKeeper           : Client environment:java.class.path=F:\java\e3-springboot\e3-manager\e3-manager-web\target\test-classes;F:\java\e3-springboot\e3-manager\e3-manager-web\target\classes;E:\maven_repo\guo\ping\e3mall\e3-manager-interface\1.0-SNAPSHOT\e3-manager-interface-1.0-SNAPSHOT.jar;E:\maven_repo\guo\ping\e3mall\e3-common\1.0-SNAPSHOT\e3-common-1.0-SNAPSHOT.jar;E:\maven_repo\joda-time\joda-time\2.5\joda-time-2.5.jar;E:\maven_repo\org\apache\commons\commons-lang3\3.3.2\commons-lang3-3.3.2.jar;E:\maven_repo\commons-io\commons-io\1.3.2\commons-io-1.3.2.jar;E:\maven_repo\commons-net\commons-net\3.3\commons-net-3.3.jar;E:\maven_repo\org\apache\httpcomponents\httpclient\4.3.5\httpclient-4.3.5.jar;E:\maven_repo\org\apache\httpcomponents\httpcore\4.4.10\httpcore-4.4.10.jar;E:\maven_repo\commons-logging\commons-logging\1.1.3\commons-logging-1.1.3.jar;E:\maven_repo\commons-codec\commons-codec\1.11\commons-codec-1.11.jar;E:\maven_repo\org\quartz-scheduler\quartz\2.2.2\quartz-2.2.2.jar;E:\maven_repo\c3p0\c3p0\0.9.1.1\c3p0-0.9.1.1.jar;E:\maven_repo\guo\ping\e3mall\e3-manager-pojo\1.0-SNAPSHOT\e3-manager-pojo-1.0-SNAPSHOT.jar;E:\maven_repo\org\springframework\boot\spring-boot-starter-web\2.0.4.RELEASE\spring-boot-starter-web-2.0.4.RELEASE.jar;E:\maven_repo\org\springframework\boot\spring-boot-starter\2.0.4.RELEASE\spring-boot-starter-2.0.4.RELEASE.jar;E:\maven_repo\org\springframework\boot\spring-boot\2.0.4.RELEASE\spring-boot-2.0.4.RELEASE.jar;E:\maven_repo\org\springframework\boot\spring-boot-autoconfigure\2.0.4.RELEASE\spring-boot-autoconfigure-2.0.4.RELEASE.jar;E:\maven_repo\org\springframework\boot\spring-boot-starter-logging\2.0.4.RELEASE\spring-boot-starter-logging-2.0.4.RELEASE.jar;E:\maven_repo\ch\qos\logback\logback-classic\1.2.3\logback-classic-1.2.3.jar;E:\maven_repo\ch\qos\logback\logback-core\1.2.3\logback-core-1.2.3.jar;E:\maven_repo\org\apache\logging\log4j\log4j-to-slf4j\2.10.0\log4j-to-slf4j-2.10.0.jar;E:\maven_repo\org\apache\logging\log4j\log4j-api\2.10.0\log4j-api-2.10.0.jar;E:\maven_repo\org\slf4j\jul-to-slf4j\1.7.25\jul-to-slf4j-1.7.25.jar;E:\maven_repo\javax\annotation\javax.annotation-api\1.3.2\javax.annotation-api-1.3.2.jar;E:\maven_repo\org\yaml\snakeyaml\1.19\snakeyaml-1.19.jar;E:\maven_repo\org\springframework\boot\spring-boot-starter-json\2.0.4.RELEASE\spring-boot-starter-json-2.0.4.RELEASE.jar;E:\maven_repo\com\fasterxml\jackson\core\jackson-databind\2.9.6\jackson-databind-2.9.6.jar;E:\maven_repo\com\fasterxml\jackson\core\jackson-annotations\2.9.0\jackson-annotations-2.9.0.jar;E:\maven_repo\com\fasterxml\jackson\core\jackson-core\2.9.6\jackson-core-2.9.6.jar;E:\maven_repo\com\fasterxml\jackson\datatype\jackson-datatype-jdk8\2.9.6\jackson-datatype-jdk8-2.9.6.jar;E:\maven_repo\com\fasterxml\jackson\datatype\jackson-datatype-jsr310\2.9.6\jackson-datatype-jsr310-2.9.6.jar;E:\maven_repo\com\fasterxml\jackson\module\jackson-module-parameter-names\2.9.6\jackson-module-parameter-names-2.9.6.jar;E:\maven_repo\org\springframework\boot\spring-boot-starter-tomcat\2.0.4.RELEASE\spring-boot-starter-tomcat-2.0.4.RELEASE.jar;E:\maven_repo\org\apache\tomcat\embed\tomcat-embed-core\8.5.32\tomcat-embed-core-8.5.32.jar;E:\maven_repo\org\apache\tomcat\embed\tomcat-embed-el\8.5.32\tomcat-embed-el-8.5.32.jar;E:\maven_repo\org\apache\tomcat\embed\tomcat-embed-websocket\8.5.32\tomcat-embed-websocket-8.5.32.jar;E:\maven_repo\org\hibernate\validator\hibernate-validator\6.0.11.Final\hibernate-validator-6.0.11.Final.jar;E:\maven_repo\javax\validation\validation-api\2.0.1.Final\validation-api-2.0.1.Final.jar;E:\maven_repo\org\jboss\logging\jboss-logging\3.3.2.Final\jboss-logging-3.3.2.Final.jar;E:\maven_repo\com\fasterxml\classmate\1.3.4\classmate-1.3.4.jar;E:\maven_repo\org\springframework\spring-web\5.0.8.RELEASE\spring-web-5.0.8.RELEASE.jar;E:\maven_repo\org\springframework\spring-beans\5.0.8.RELEASE\spring-beans-5.0.8.RELEASE.jar;E:\maven_repo\org\springframework\spring-webmvc\5.0.8.RELEASE\spring-webmvc-5.0.8.RELEASE.jar;E:\maven_repo\org\springframework\spring-aop\5.0.8.RELEASE\spring-aop-5.0.8.RELEASE.jar;E:\maven_repo\org\springframework\spring-context\5.0.8.RELEASE\spring-context-5.0.8.RELEASE.jar;E:\maven_repo\org\springframework\spring-expression\5.0.8.RELEASE\spring-expression-5.0.8.RELEASE.jar;E:\maven_repo\org\springframework\boot\spring-boot-starter-test\2.0.4.RELEASE\spring-boot-starter-test-2.0.4.RELEASE.jar;E:\maven_repo\org\springframework\boot\spring-boot-test\2.0.4.RELEASE\spring-boot-test-2.0.4.RELEASE.jar;E:\maven_repo\org\springframework\boot\spring-boot-test-autoconfigure\2.0.4.RELEASE\spring-boot-test-autoconfigure-2.0.4.RELEASE.jar;E:\maven_repo\com\jayway\jsonpath\json-path\2.4.0\json-path-2.4.0.jar;E:\maven_repo\net\minidev\json-smart\2.3\json-smart-2.3.jar;E:\maven_repo\net\minidev\accessors-smart\1.2\accessors-smart-1.2.jar;E:\maven_repo\org\ow2\asm\asm\5.0.4\asm-5.0.4.jar;E:\maven_repo\org\slf4j\slf4j-api\1.7.25\slf4j-api-1.7.25.jar;E:\maven_repo\junit\junit\4.12\junit-4.12.jar;E:\maven_repo\org\assertj\assertj-core\3.9.1\assertj-core-3.9.1.jar;E:\maven_repo\org\mockito\mockito-core\2.15.0\mockito-core-2.15.0.jar;E:\maven_repo\net\bytebuddy\byte-buddy\1.7.11\byte-buddy-1.7.11.jar;E:\maven_repo\net\bytebuddy\byte-buddy-agent\1.7.11\byte-buddy-agent-1.7.11.jar;E:\maven_repo\org\objenesis\objenesis\2.6\objenesis-2.6.jar;E:\maven_repo\org\hamcrest\hamcrest-core\1.3\hamcrest-core-1.3.jar;E:\maven_repo\org\hamcrest\hamcrest-library\1.3\hamcrest-library-1.3.jar;E:\maven_repo\org\skyscreamer\jsonassert\1.5.0\jsonassert-1.5.0.jar;E:\maven_repo\com\vaadin\external\google\android-json\0.0.20131108.vaadin1\android-json-0.0.20131108.vaadin1.jar;E:\maven_repo\org\springframework\spring-core\5.0.8.RELEASE\spring-core-5.0.8.RELEASE.jar;E:\maven_repo\org\springframework\spring-jcl\5.0.8.RELEASE\spring-jcl-5.0.8.RELEASE.jar;E:\maven_repo\org\springframework\spring-test\5.0.8.RELEASE\spring-test-5.0.8.RELEASE.jar;E:\maven_repo\org\xmlunit\xmlunit-core\2.5.1\xmlunit-core-2.5.1.jar;E:\maven_repo\com\alibaba\boot\dubbo-spring-boot-starter\0.2.0\dubbo-spring-boot-starter-0.2.0.jar;E:\maven_repo\com\alibaba\dubbo\2.6.2\dubbo-2.6.2.jar;E:\maven_repo\org\javassist\javassist\3.20.0-GA\javassist-3.20.0-GA.jar;E:\maven_repo\org\jboss\netty\netty\3.2.5.Final\netty-3.2.5.Final.jar;E:\maven_repo\org\apache\zookeeper\zookeeper\3.4.7\zookeeper-3.4.7.jar;E:\maven_repo\jline\jline\0.9.94\jline-0.9.94.jar;E:\maven_repo\io\netty\netty\3.7.0.Final\netty-3.7.0.Final.jar;E:\maven_repo\org\apache\curator\curator-framework\2.12.0\curator-framework-2.12.0.jar;E:\maven_repo\org\apache\curator\curator-client\2.12.0\curator-client-2.12.0.jar;E:\maven_repo\com\google\guava\guava\16.0.1\guava-16.0.1.jar;E:\maven_repo\com\alibaba\boot\dubbo-spring-boot-autoconfigure\0.2.0\dubbo-spring-boot-autoconfigure-0.2.0.jar;E:\maven_repo\com\github\sgroschupf\zkclient\0.1\zkclient-0.1.jar;
2018-08-06 08:07:53.992  INFO 6528 --- [           main] org.apache.zookeeper.ZooKeeper           : Client environment:java.library.path=E:\Java\jdk1.8.0_111\jre\bin;C:\Windows\Sun\Java\bin;C:\Windows\system32;C:\Windows;C:\Program Files\Docker\Docker\Resources\bin;C:\Program Files\NVIDIA GPU Computing Toolkit\CUDA\v8.0\bin;C:\Program Files\NVIDIA GPU Computing Toolkit\CUDA\v8.0\libnvvp;C:\Windows\system32;C:\Windows;C:\Windows\System32\Wbem;C:\Windows\System32\WindowsPowerShell\v1.0\;E:\Java\jdk1.8.0_111\bin;E:\Java\jdk1.8.0_111\jre\bin;E:\Apache\apache-maven-3.3.9\bin;E:\Git\cmd;E:\Python\Python27;E:\Python\Python27\Scripts;E:\Python\Python36;E:\Python\Python36\Scripts;E:\MinGW\mingw64\bin;E:\CMake\bin;E:\Opencv3.2\opencv\mingw64_build\install\x64\mingw\bin;C:\Program Files (x86)\NVIDIA Corporation\PhysX\Common;E:\DeepLeaning\cuda\bin;E:\Matlab\runtime\win64;E:\Matlab\bin;E:\Matlab\polyspace\bin;E:\cudnn\cuda\bin;C:\Users\Guopin\AppData\Local\Microsoft\WindowsApps;;E:\Microsoft VS Code\bin;.
2018-08-06 08:07:53.993  INFO 6528 --- [           main] org.apache.zookeeper.ZooKeeper           : Client environment:java.io.tmpdir=C:\Users\Guopin\AppData\Local\Temp\
2018-08-06 08:07:53.993  INFO 6528 --- [           main] org.apache.zookeeper.ZooKeeper           : Client environment:java.compiler=<NA>
2018-08-06 08:07:53.993  INFO 6528 --- [           main] org.apache.zookeeper.ZooKeeper           : Client environment:os.name=Windows 10
2018-08-06 08:07:53.993  INFO 6528 --- [           main] org.apache.zookeeper.ZooKeeper           : Client environment:os.arch=amd64
2018-08-06 08:07:53.993  INFO 6528 --- [           main] org.apache.zookeeper.ZooKeeper           : Client environment:os.version=10.0
2018-08-06 08:07:53.993  INFO 6528 --- [           main] org.apache.zookeeper.ZooKeeper           : Client environment:user.name=Guopin
2018-08-06 08:07:53.993  INFO 6528 --- [           main] org.apache.zookeeper.ZooKeeper           : Client environment:user.home=C:\Users\Guopin
2018-08-06 08:07:53.993  INFO 6528 --- [           main] org.apache.zookeeper.ZooKeeper           : Client environment:user.dir=F:\java\e3-springboot\e3-manager\e3-manager-web
2018-08-06 08:07:53.994  INFO 6528 --- [           main] org.apache.zookeeper.ZooKeeper           : Initiating client connection, connectString=192.168.2.107:2181 sessionTimeout=60000 watcher=org.apache.curator.ConnectionState@13a37e2a
2018-08-06 08:07:54.213  INFO 6528 --- [168.2.107:2181)] org.apache.zookeeper.ClientCnxn          : Opening socket connection to server 192.168.2.107/192.168.2.107:2181. Will not attempt to authenticate using SASL (unknown error)
2018-08-06 08:07:54.216  INFO 6528 --- [168.2.107:2181)] org.apache.zookeeper.ClientCnxn          : Socket connection established to 192.168.2.107/192.168.2.107:2181, initiating session
2018-08-06 08:07:54.239  INFO 6528 --- [168.2.107:2181)] org.apache.zookeeper.ClientCnxn          : Session establishment complete on server 192.168.2.107/192.168.2.107:2181, sessionid = 0x100034b9a7c0003, negotiated timeout = 40000
2018-08-06 08:07:54.241  INFO 6528 --- [           main] c.a.d.r.zookeeper.ZookeeperRegistry      :  [DUBBO] Register: consumer://10.0.75.1/guo.ping.e3mall.manager.service.TbItemService?application=e3-manager-web&category=consumers&check=false&dubbo=2.6.2&interface=guo.ping.e3mall.manager.service.TbItemService&methods=getItemById&pid=6528&revision=1.0-SNAPSHOT&side=consumer&timestamp=1533514069318, dubbo version: 2.6.2, current host: 10.0.75.1
2018-08-06 08:07:54.248  INFO 6528 --- [ain-EventThread] o.a.c.f.state.ConnectionStateManager     : State change: CONNECTED
2018-08-06 08:07:54.277  INFO 6528 --- [           main] c.a.d.r.zookeeper.ZookeeperRegistry      :  [DUBBO] Subscribe: consumer://10.0.75.1/guo.ping.e3mall.manager.service.TbItemService?application=e3-manager-web&category=providers,configurators,routers&dubbo=2.6.2&interface=guo.ping.e3mall.manager.service.TbItemService&methods=getItemById&pid=6528&revision=1.0-SNAPSHOT&side=consumer&timestamp=1533514069318, dubbo version: 2.6.2, current host: 10.0.75.1
2018-08-06 08:07:54.317  INFO 6528 --- [           main] c.a.d.r.zookeeper.ZookeeperRegistry      :  [DUBBO] Notify urls for subscribe url consumer://10.0.75.1/guo.ping.e3mall.manager.service.TbItemService?application=e3-manager-web&category=providers,configurators,routers&dubbo=2.6.2&interface=guo.ping.e3mall.manager.service.TbItemService&methods=getItemById&pid=6528&revision=1.0-SNAPSHOT&side=consumer&timestamp=1533514069318, urls: [empty://10.0.75.1/guo.ping.e3mall.manager.service.TbItemService?application=e3-manager-web&category=providers&dubbo=2.6.2&interface=guo.ping.e3mall.manager.service.TbItemService&methods=getItemById&pid=6528&revision=1.0-SNAPSHOT&side=consumer&timestamp=1533514069318, empty://10.0.75.1/guo.ping.e3mall.manager.service.TbItemService?application=e3-manager-web&category=configurators&dubbo=2.6.2&interface=guo.ping.e3mall.manager.service.TbItemService&methods=getItemById&pid=6528&revision=1.0-SNAPSHOT&side=consumer&timestamp=1533514069318, empty://10.0.75.1/guo.ping.e3mall.manager.service.TbItemService?application=e3-manager-web&category=routers&dubbo=2.6.2&interface=guo.ping.e3mall.manager.service.TbItemService&methods=getItemById&pid=6528&revision=1.0-SNAPSHOT&side=consumer&timestamp=1533514069318], dubbo version: 2.6.2, current host: 10.0.75.1
2018-08-06 08:07:54.326  WARN 6528 --- [           main] com.alibaba.dubbo.config.AbstractConfig  :  [DUBBO] null, dubbo version: 2.6.2, current host: 10.0.75.1

java.lang.reflect.InvocationTargetException: null
	at sun.reflect.NativeMethodAccessorImpl.invoke0(Native Method) ~[na:1.8.0_111]
	at sun.reflect.NativeMethodAccessorImpl.invoke(NativeMethodAccessorImpl.java:62) ~[na:1.8.0_111]
	at sun.reflect.DelegatingMethodAccessorImpl.invoke(DelegatingMethodAccessorImpl.java:43) ~[na:1.8.0_111]
	at java.lang.reflect.Method.invoke(Method.java:498) ~[na:1.8.0_111]
	at com.alibaba.dubbo.config.AbstractConfig.toString(AbstractConfig.java:474) ~[dubbo-2.6.2.jar:2.6.2]
	at java.lang.String.valueOf(String.java:2994) [na:1.8.0_111]
	at java.lang.StringBuilder.append(StringBuilder.java:131) [na:1.8.0_111]
	at com.alibaba.dubbo.config.spring.beans.factory.annotation.AbstractAnnotationConfigBeanBuilder.build(AbstractAnnotationConfigBeanBuilder.java:79) [dubbo-2.6.2.jar:2.6.2]
	at com.alibaba.dubbo.config.spring.beans.factory.annotation.ReferenceAnnotationBeanPostProcessor.buildReferenceBean(ReferenceAnnotationBeanPostProcessor.java:385) [dubbo-2.6.2.jar:2.6.2]
	at com.alibaba.dubbo.config.spring.beans.factory.annotation.ReferenceAnnotationBeanPostProcessor.access$100(ReferenceAnnotationBeanPostProcessor.java:65) [dubbo-2.6.2.jar:2.6.2]
	at com.alibaba.dubbo.config.spring.beans.factory.annotation.ReferenceAnnotationBeanPostProcessor$ReferenceFieldElement.inject(ReferenceAnnotationBeanPostProcessor.java:363) [dubbo-2.6.2.jar:2.6.2]
	at org.springframework.beans.factory.annotation.InjectionMetadata.inject(InjectionMetadata.java:91) [spring-beans-5.0.8.RELEASE.jar:5.0.8.RELEASE]
	at com.alibaba.dubbo.config.spring.beans.factory.annotation.ReferenceAnnotationBeanPostProcessor.postProcessPropertyValues(ReferenceAnnotationBeanPostProcessor.java:92) [dubbo-2.6.2.jar:2.6.2]
	at org.springframework.beans.factory.support.AbstractAutowireCapableBeanFactory.populateBean(AbstractAutowireCapableBeanFactory.java:1341) [spring-beans-5.0.8.RELEASE.jar:5.0.8.RELEASE]
	at org.springframework.beans.factory.support.AbstractAutowireCapableBeanFactory.doCreateBean(AbstractAutowireCapableBeanFactory.java:572) [spring-beans-5.0.8.RELEASE.jar:5.0.8.RELEASE]
	at org.springframework.beans.factory.support.AbstractAutowireCapableBeanFactory.createBean(AbstractAutowireCapableBeanFactory.java:495) [spring-beans-5.0.8.RELEASE.jar:5.0.8.RELEASE]
	at org.springframework.beans.factory.support.AbstractBeanFactory.lambda$doGetBean$0(AbstractBeanFactory.java:317) [spring-beans-5.0.8.RELEASE.jar:5.0.8.RELEASE]
	at org.springframework.beans.factory.support.DefaultSingletonBeanRegistry.getSingleton(DefaultSingletonBeanRegistry.java:222) ~[spring-beans-5.0.8.RELEASE.jar:5.0.8.RELEASE]
	at org.springframework.beans.factory.support.AbstractBeanFactory.doGetBean(AbstractBeanFactory.java:315) [spring-beans-5.0.8.RELEASE.jar:5.0.8.RELEASE]
	at org.springframework.beans.factory.support.AbstractBeanFactory.getBean(AbstractBeanFactory.java:199) [spring-beans-5.0.8.RELEASE.jar:5.0.8.RELEASE]
	at org.springframework.beans.factory.support.DefaultListableBeanFactory.preInstantiateSingletons(DefaultListableBeanFactory.java:759) ~[spring-beans-5.0.8.RELEASE.jar:5.0.8.RELEASE]
	at org.springframework.context.support.AbstractApplicationContext.finishBeanFactoryInitialization(AbstractApplicationContext.java:869) ~[spring-context-5.0.8.RELEASE.jar:5.0.8.RELEASE]
	at org.springframework.context.support.AbstractApplicationContext.refresh(AbstractApplicationContext.java:550) ~[spring-context-5.0.8.RELEASE.jar:5.0.8.RELEASE]
	at org.springframework.boot.SpringApplication.refresh(SpringApplication.java:762) ~[spring-boot-2.0.4.RELEASE.jar:2.0.4.RELEASE]
	at org.springframework.boot.SpringApplication.refreshContext(SpringApplication.java:398) ~[spring-boot-2.0.4.RELEASE.jar:2.0.4.RELEASE]
	at org.springframework.boot.SpringApplication.run(SpringApplication.java:330) ~[spring-boot-2.0.4.RELEASE.jar:2.0.4.RELEASE]
	at org.springframework.boot.test.context.SpringBootContextLoader.loadContext(SpringBootContextLoader.java:139) ~[spring-boot-test-2.0.4.RELEASE.jar:2.0.4.RELEASE]
	at org.springframework.test.context.cache.DefaultCacheAwareContextLoaderDelegate.loadContextInternal(DefaultCacheAwareContextLoaderDelegate.java:99) ~[spring-test-5.0.8.RELEASE.jar:5.0.8.RELEASE]
	at org.springframework.test.context.cache.DefaultCacheAwareContextLoaderDelegate.loadContext(DefaultCacheAwareContextLoaderDelegate.java:117) ~[spring-test-5.0.8.RELEASE.jar:5.0.8.RELEASE]
	at org.springframework.test.context.support.DefaultTestContext.getApplicationContext(DefaultTestContext.java:108) ~[spring-test-5.0.8.RELEASE.jar:5.0.8.RELEASE]
	at org.springframework.test.context.web.ServletTestExecutionListener.setUpRequestContextIfNecessary(ServletTestExecutionListener.java:190) ~[spring-test-5.0.8.RELEASE.jar:5.0.8.RELEASE]
	at org.springframework.test.context.web.ServletTestExecutionListener.prepareTestInstance(ServletTestExecutionListener.java:132) ~[spring-test-5.0.8.RELEASE.jar:5.0.8.RELEASE]
	at org.springframework.test.context.TestContextManager.prepareTestInstance(TestContextManager.java:246) ~[spring-test-5.0.8.RELEASE.jar:5.0.8.RELEASE]
	at org.springframework.test.context.junit4.SpringJUnit4ClassRunner.createTest(SpringJUnit4ClassRunner.java:227) ~[spring-test-5.0.8.RELEASE.jar:5.0.8.RELEASE]
	at org.springframework.test.context.junit4.SpringJUnit4ClassRunner$1.runReflectiveCall(SpringJUnit4ClassRunner.java:289) ~[spring-test-5.0.8.RELEASE.jar:5.0.8.RELEASE]
	at org.junit.internal.runners.model.ReflectiveCallable.run(ReflectiveCallable.java:12) ~[junit-4.12.jar:4.12]
	at org.springframework.test.context.junit4.SpringJUnit4ClassRunner.methodBlock(SpringJUnit4ClassRunner.java:291) ~[spring-test-5.0.8.RELEASE.jar:5.0.8.RELEASE]
	at org.springframework.test.context.junit4.SpringJUnit4ClassRunner.runChild(SpringJUnit4ClassRunner.java:246) ~[spring-test-5.0.8.RELEASE.jar:5.0.8.RELEASE]
	at org.springframework.test.context.junit4.SpringJUnit4ClassRunner.runChild(SpringJUnit4ClassRunner.java:97) ~[spring-test-5.0.8.RELEASE.jar:5.0.8.RELEASE]
	at org.junit.runners.ParentRunner$3.run(ParentRunner.java:290) ~[junit-4.12.jar:4.12]
	at org.junit.runners.ParentRunner$1.schedule(ParentRunner.java:71) ~[junit-4.12.jar:4.12]
	at org.junit.runners.ParentRunner.runChildren(ParentRunner.java:288) ~[junit-4.12.jar:4.12]
	at org.junit.runners.ParentRunner.access$000(ParentRunner.java:58) ~[junit-4.12.jar:4.12]
	at org.junit.runners.ParentRunner$2.evaluate(ParentRunner.java:268) ~[junit-4.12.jar:4.12]
	at org.springframework.test.context.junit4.statements.RunBeforeTestClassCallbacks.evaluate(RunBeforeTestClassCallbacks.java:61) ~[spring-test-5.0.8.RELEASE.jar:5.0.8.RELEASE]
	at org.springframework.test.context.junit4.statements.RunAfterTestClassCallbacks.evaluate(RunAfterTestClassCallbacks.java:70) ~[spring-test-5.0.8.RELEASE.jar:5.0.8.RELEASE]
	at org.junit.runners.ParentRunner.run(ParentRunner.java:363) ~[junit-4.12.jar:4.12]
	at org.springframework.test.context.junit4.SpringJUnit4ClassRunner.run(SpringJUnit4ClassRunner.java:190) ~[spring-test-5.0.8.RELEASE.jar:5.0.8.RELEASE]
	at org.apache.maven.surefire.junit4.JUnit4Provider.execute(JUnit4Provider.java:365) ~[surefire-junit4-2.21.0.jar:2.21.0]
	at org.apache.maven.surefire.junit4.JUnit4Provider.executeWithRerun(JUnit4Provider.java:273) ~[surefire-junit4-2.21.0.jar:2.21.0]
	at org.apache.maven.surefire.junit4.JUnit4Provider.executeTestSet(JUnit4Provider.java:238) ~[surefire-junit4-2.21.0.jar:2.21.0]
	at org.apache.maven.surefire.junit4.JUnit4Provider.invoke(JUnit4Provider.java:159) ~[surefire-junit4-2.21.0.jar:2.21.0]
	at org.apache.maven.surefire.booter.ForkedBooter.invokeProviderInSameClassLoader(ForkedBooter.java:379) ~[surefire-booter-2.21.0.jar:2.21.0]
	at org.apache.maven.surefire.booter.ForkedBooter.runSuitesInProcess(ForkedBooter.java:340) ~[surefire-booter-2.21.0.jar:2.21.0]
	at org.apache.maven.surefire.booter.ForkedBooter.execute(ForkedBooter.java:125) ~[surefire-booter-2.21.0.jar:2.21.0]
	at org.apache.maven.surefire.booter.ForkedBooter.main(ForkedBooter.java:413) ~[surefire-booter-2.21.0.jar:2.21.0]
Caused by: java.lang.IllegalStateException: Failed to check the status of the service guo.ping.e3mall.manager.service.TbItemService. No provider available for the service guo.ping.e3mall.manager.service.TbItemService from the url zookeeper://192.168.2.107:2181/com.alibaba.dubbo.registry.RegistryService?application=e3-manager-web&dubbo=2.6.2&interface=guo.ping.e3mall.manager.service.TbItemService&methods=getItemById&pid=6528&register.ip=10.0.75.1&revision=1.0-SNAPSHOT&side=consumer&timestamp=1533514069318 to the consumer 10.0.75.1 use dubbo version 2.6.2
	at com.alibaba.dubbo.config.ReferenceConfig.createProxy(ReferenceConfig.java:422) ~[dubbo-2.6.2.jar:2.6.2]
	at com.alibaba.dubbo.config.ReferenceConfig.init(ReferenceConfig.java:333) ~[dubbo-2.6.2.jar:2.6.2]
	at com.alibaba.dubbo.config.ReferenceConfig.get(ReferenceConfig.java:163) ~[dubbo-2.6.2.jar:2.6.2]
	at com.alibaba.dubbo.config.spring.ReferenceBean.getObject(ReferenceBean.java:66) ~[dubbo-2.6.2.jar:2.6.2]
	... 56 common frames omitted

2018-08-06 08:07:54.327  INFO 6528 --- [           main] c.a.d.c.s.b.f.a.ReferenceBeanBuilder     : <dubbo:reference singleton="true" uniqueServiceName="guo.ping.e3mall.manager.service.TbItemService" interface="guo.ping.e3mall.manager.service.TbItemService" generic="false" id="guo.ping.e3mall.manager.service.TbItemService" /> has been built.
2018-08-06 08:07:54.746  INFO 6528 --- [           main] o.s.w.s.handler.SimpleUrlHandlerMapping  : Mapped URL path [/**/favicon.ico] onto handler of type [class org.springframework.web.servlet.resource.ResourceHttpRequestHandler]
2018-08-06 08:07:54.906  INFO 6528 --- [           main] s.w.s.m.m.a.RequestMappingHandlerAdapter : Looking for @ControllerAdvice: org.springframework.web.context.support.GenericWebApplicationContext@1f760b47: startup date [Mon Aug 06 08:07:48 CST 2018]; root of context hierarchy
2018-08-06 08:07:54.989  INFO 6528 --- [           main] s.w.s.m.m.a.RequestMappingHandlerMapping : Mapped "{[/item/{itemId}],methods=[GET]}" onto public guo.ping.e3mall.pojo.TbItem guo.ping.e3mall.manager.controller.TbItemController.hello(java.lang.Long)
2018-08-06 08:07:54.993  INFO 6528 --- [           main] s.w.s.m.m.a.RequestMappingHandlerMapping : Mapped "{[/error]}" onto public org.springframework.http.ResponseEntity<java.util.Map<java.lang.String, java.lang.Object>> org.springframework.boot.autoconfigure.web.servlet.error.BasicErrorController.error(javax.servlet.http.HttpServletRequest)
2018-08-06 08:07:54.994  INFO 6528 --- [           main] s.w.s.m.m.a.RequestMappingHandlerMapping : Mapped "{[/error],produces=[text/html]}" onto public org.springframework.web.servlet.ModelAndView org.springframework.boot.autoconfigure.web.servlet.error.BasicErrorController.errorHtml(javax.servlet.http.HttpServletRequest,javax.servlet.http.HttpServletResponse)
2018-08-06 08:07:55.023  INFO 6528 --- [           main] o.s.w.s.handler.SimpleUrlHandlerMapping  : Mapped URL path [/webjars/**] onto handler of type [class org.springframework.web.servlet.resource.ResourceHttpRequestHandler]
2018-08-06 08:07:55.023  INFO 6528 --- [           main] o.s.w.s.handler.SimpleUrlHandlerMapping  : Mapped URL path [/**] onto handler of type [class org.springframework.web.servlet.resource.ResourceHttpRequestHandler]
2018-08-06 08:07:55.191  INFO 6528 --- [           main] guo.ping.e3mall.manager.mapper.DaoTest   : Started DaoTest in 7.259 seconds (JVM running for 8.102)
]]></system-out>
    <system-err><![CDATA[八月 06, 2018 8:07:47 上午 org.springframework.boot.test.context.SpringBootTestContextBootstrapper buildDefaultMergedContextConfiguration
信息: Neither @ContextConfiguration nor @ContextHierarchy found for test class [guo.ping.e3mall.manager.mapper.DaoTest], using SpringBootContextLoader
八月 06, 2018 8:07:47 上午 org.springframework.test.context.support.AbstractContextLoader generateDefaultLocations
信息: Could not detect default resource locations for test class [guo.ping.e3mall.manager.mapper.DaoTest]: no resource found for suffixes {-context.xml, Context.groovy}.
八月 06, 2018 8:07:47 上午 org.springframework.test.context.support.AnnotationConfigContextLoaderUtils detectDefaultConfigurationClasses
信息: Could not detect default configuration classes for test class [guo.ping.e3mall.manager.mapper.DaoTest]: DaoTest does not declare any static, non-private, non-final, nested classes annotated with @Configuration.
八月 06, 2018 8:07:47 上午 org.springframework.boot.test.context.SpringBootTestContextBootstrapper getOrFindConfigurationClasses
信息: Found @SpringBootConfiguration guo.ping.e3mall.manager.ManagerWebApplicationStarter for test class guo.ping.e3mall.manager.mapper.DaoTest
八月 06, 2018 8:07:47 上午 org.springframework.boot.test.context.SpringBootTestContextBootstrapper getDefaultTestExecutionListenerClassNames
信息: Loaded default TestExecutionListener class names from location [META-INF/spring.factories]: [org.springframework.boot.test.mock.mockito.MockitoTestExecutionListener, org.springframework.boot.test.mock.mockito.ResetMocksTestExecutionListener, org.springframework.boot.test.autoconfigure.restdocs.RestDocsTestExecutionListener, org.springframework.boot.test.autoconfigure.web.client.MockRestServiceServerResetTestExecutionListener, org.springframework.boot.test.autoconfigure.web.servlet.MockMvcPrintOnlyOnFailureTestExecutionListener, org.springframework.boot.test.autoconfigure.web.servlet.WebDriverTestExecutionListener, org.springframework.test.context.web.ServletTestExecutionListener, org.springframework.test.context.support.DirtiesContextBeforeModesTestExecutionListener, org.springframework.test.context.support.DependencyInjectionTestExecutionListener, org.springframework.test.context.support.DirtiesContextTestExecutionListener, org.springframework.test.context.transaction.TransactionalTestExecutionListener, org.springframework.test.context.jdbc.SqlScriptsTestExecutionListener]
八月 06, 2018 8:07:47 上午 org.springframework.boot.test.context.SpringBootTestContextBootstrapper getTestExecutionListeners
信息: Using TestExecutionListeners: [org.springframework.test.context.web.ServletTestExecutionListener@7c7b252e, org.springframework.test.context.support.DirtiesContextBeforeModesTestExecutionListener@4d5d943d, org.springframework.boot.test.mock.mockito.MockitoTestExecutionListener@368f2016, org.springframework.boot.test.autoconfigure.SpringBootDependencyInjectionTestExecutionListener@4c583ecf, org.springframework.test.context.support.DirtiesContextTestExecutionListener@692f203f, org.springframework.boot.test.mock.mockito.ResetMocksTestExecutionListener@48f2bd5b, org.springframework.boot.test.autoconfigure.restdocs.RestDocsTestExecutionListener@7b2bbc3, org.springframework.boot.test.autoconfigure.web.client.MockRestServiceServerResetTestExecutionListener@a1153bc, org.springframework.boot.test.autoconfigure.web.servlet.MockMvcPrintOnlyOnFailureTestExecutionListener@1aafa419, org.springframework.boot.test.autoconfigure.web.servlet.WebDriverTestExecutionListener@47eaca72]
]]></system-err>
  </testcase>
</testsuite>